<?xml version="1.0" encoding="UTF-8"?>
<testng-results skipped="0" failed="0" total="1" passed="1">
  <reporter-output>
  </reporter-output>
  <suite name="Default suite" duration-ms="36" started-at="2014-02-26T12:44:22Z" finished-at="2014-02-26T12:44:22Z">
    <groups>
    </groups>
    <test name="Default test" duration-ms="36" started-at="2014-02-26T12:44:22Z" finished-at="2014-02-26T12:44:22Z">
      <class name="com.netease.unit1.TestngTest">
        <test-method status="PASS" signature="init()[pri:0, instance:com.netease.unit1.TestngTest@50b18b90]" name="init" is-config="true" duration-ms="13" started-at="2014-02-26T20:44:22Z" finished-at="2014-02-26T20:44:22Z">
          <reporter-output>
          </reporter-output>
        </test-method> <!-- init -->
        <test-method status="PASS" signature="test()[pri:0, instance:com.netease.unit1.TestngTest@50b18b90]" name="test" duration-ms="8" started-at="2014-02-26T20:44:22Z" finished-at="2014-02-26T20:44:22Z">
          <reporter-output>
          </reporter-output>
        </test-method> <!-- test -->
        <test-method status="PASS" signature="clean()[pri:0, instance:com.netease.unit1.TestngTest@50b18b90]" name="clean" is-config="true" duration-ms="0" started-at="2014-02-26T20:44:22Z" finished-at="2014-02-26T20:44:22Z">
          <reporter-output>
          </reporter-output>
        </test-method> <!-- clean -->
      </class> <!-- com.netease.unit1.TestngTest -->
    </test> <!-- Default test -->
  </suite> <!-- Default suite -->
</testng-results>
